<?xml version="1.0" encoding="UTF-8"?>
<testng-results ignored="0" total="1" passed="1" failed="0" skipped="0">
  <reporter-output>
  </reporter-output>
  <suite started-at="2024-11-17T17:30:31 IST" name="Default suite" finished-at="2024-11-17T17:30:31 IST" duration-ms="99">
    <groups>
    </groups>
    <test started-at="2024-11-17T17:30:31 IST" name="Default test" finished-at="2024-11-17T17:30:31 IST" duration-ms="99">
      <class name="testNG_Practices.Child_Class">
        <test-method signature="method()[pri:0, instance:testNG_Practices.Child_Class@323b36e0]" started-at="2024-11-17T17:30:31 IST" name="method" finished-at="2024-11-17T17:30:31 IST" duration-ms="25" status="PASS">
          <reporter-output>
          </reporter-output>
        </test-method> <!-- method -->
      </class> <!-- testNG_Practices.Child_Class -->
    </test> <!-- Default test -->
  </suite> <!-- Default suite -->
</testng-results>
